0 verbose cli /data/data/com.termux/files/usr/bin/node /data/data/com.termux/files/usr/bin/npm
1 info using npm@10.9.2
2 info using node@v23.8.0
3 silly config load:file:/data/data/com.termux/files/usr/lib/node_modules/npm/npmrc
4 silly config load:file:/data/data/com.termux/files/home/telegram-imgur-bot/.npmrc
5 silly config load:file:/data/data/com.termux/files/home/.npmrc
6 silly config load:file:/data/data/com.termux/files/usr/etc/npmrc
7 verbose title npm install telegraf axios dotenv
8 verbose argv "install" "telegraf" "axios" "dotenv"
9 verbose logfile logs-max:10 dir:/data/data/com.termux/files/home/.npm/_logs/2025-03-14T19_16_41_762Z-
10 verbose logfile /data/data/com.termux/files/home/.npm/_logs/2025-03-14T19_16_41_762Z-debug-0.log
11 silly logfile done cleaning log files
12 silly packumentCache heap:1098907648 maxSize:274726912 maxEntrySize:137363456
13 silly idealTree buildDeps
14 silly fetch manifest axios@^1.8.3
15 silly packumentCache full:https://registry.npmjs.org/axios cache-miss
16 http cache https://registry.npmjs.org/axios 85ms (cache hit)
17 silly packumentCache full:https://registry.npmjs.org/axios set size:640837 disposed:false
18 silly fetch manifest dotenv@^16.4.7
19 silly packumentCache full:https://registry.npmjs.org/dotenv cache-miss
20 http cache https://registry.npmjs.org/dotenv 20ms (cache hit)
21 silly packumentCache full:https://registry.npmjs.org/dotenv set size:236043 disposed:false
22 silly fetch manifest telegraf@^4.16.3
23 silly packumentCache full:https://registry.npmjs.org/telegraf cache-miss
24 http cache https://registry.npmjs.org/telegraf 19ms (cache hit)
25 silly packumentCache full:https://registry.npmjs.org/telegraf set size:1005543 disposed:false
26 silly placeDep ROOT axios@1.8.3 REPLACE for: telegram-imgur-bot@1.0.0 want: ^1.8.3
27 silly placeDep ROOT dotenv@16.4.7 REPLACE for: telegram-imgur-bot@1.0.0 want: ^16.4.7
28 silly placeDep ROOT telegraf@4.16.3 REPLACE for: telegram-imgur-bot@1.0.0 want: ^4.16.3
29 silly reify moves {}
30 silly audit bulk request {
30 silly audit   '@telegraf/types': [ '7.1.0' ],
30 silly audit   'abort-controller': [ '3.0.0' ],
30 silly audit   asynckit: [ '0.4.0' ],
30 silly audit   'buffer-alloc': [ '1.2.0' ],
30 silly audit   'buffer-alloc-unsafe': [ '1.1.0' ],
30 silly audit   'buffer-fill': [ '1.0.0' ],
30 silly audit   'call-bind-apply-helpers': [ '1.0.2' ],
30 silly audit   'combined-stream': [ '1.0.8' ],
30 silly audit   debug: [ '4.4.0' ],
30 silly audit   'delayed-stream': [ '1.0.0' ],
30 silly audit   'dunder-proto': [ '1.0.1' ],
30 silly audit   'es-define-property': [ '1.0.1' ],
30 silly audit   'es-errors': [ '1.3.0' ],
30 silly audit   'es-object-atoms': [ '1.1.1' ],
30 silly audit   'es-set-tostringtag': [ '2.1.0' ],
30 silly audit   'event-target-shim': [ '5.0.1' ],
30 silly audit   'follow-redirects': [ '1.15.9' ],
30 silly audit   'form-data': [ '4.0.2' ],
30 silly audit   'function-bind': [ '1.1.2' ],
30 silly audit   'get-intrinsic': [ '1.3.0' ],
30 silly audit   'get-proto': [ '1.0.1' ],
30 silly audit   gopd: [ '1.2.0' ],
30 silly audit   'has-symbols': [ '1.1.0' ],
30 silly audit   'has-tostringtag': [ '1.0.2' ],
30 silly audit   hasown: [ '2.0.2' ],
30 silly audit   'math-intrinsics': [ '1.1.0' ],
30 silly audit   'mime-db': [ '1.52.0' ],
30 silly audit   'mime-types': [ '2.1.35' ],
30 silly audit   mri: [ '1.2.0' ],
30 silly audit   ms: [ '2.1.3' ],
30 silly audit   'node-fetch': [ '2.7.0' ],
30 silly audit   'p-timeout': [ '4.1.0' ],
30 silly audit   'proxy-from-env': [ '1.1.0' ],
30 silly audit   'safe-compare': [ '1.1.4' ],
30 silly audit   'sandwich-stream': [ '2.0.2' ],
30 silly audit   tr46: [ '0.0.3' ],
30 silly audit   'webidl-conversions': [ '3.0.1' ],
30 silly audit   'whatwg-url': [ '5.0.0' ],
30 silly audit   axios: [ '1.8.3' ],
30 silly audit   dotenv: [ '16.4.7' ],
30 silly audit   telegraf: [ '4.16.3' ]
30 silly audit }
31 http fetch POST 200 https://registry.npmjs.org/-/npm/v1/security/advisories/bulk 823ms
32 silly audit report {}
33 verbose cwd /data/data/com.termux/files/home/telegram-imgur-bot
34 verbose os Linux 5.4.274-moto-00501-gab6655bf773d
35 verbose node v23.8.0
36 verbose npm  v10.9.2
37 verbose exit 0
38 info ok
