0 verbose cli /data/data/com.termux/files/usr/bin/node /data/data/com.termux/files/usr/bin/npm
1 info using npm@10.9.2
2 info using node@v23.10.0
3 silly config load:file:/data/data/com.termux/files/usr/lib/node_modules/npm/npmrc
4 silly config load:file:/storage/emulated/0/Download/.npmrc
5 silly config load:file:/data/data/com.termux/files/home/.npmrc
6 silly config load:file:/data/data/com.termux/files/usr/etc/npmrc
7 verbose title npm install axios
8 verbose argv "install" "axios"
9 verbose logfile logs-max:10 dir:/data/data/com.termux/files/home/.npm/_logs/2025-03-17T10_33_58_681Z-
10 verbose logfile /data/data/com.termux/files/home/.npm/_logs/2025-03-17T10_33_58_681Z-debug-0.log
11 silly logfile done cleaning log files
12 silly packumentCache heap:1098907648 maxSize:274726912 maxEntrySize:137363456
13 silly idealTree buildDeps
14 silly fetch manifest axios@*
15 silly packumentCache full:https://registry.npmjs.org/axios cache-miss
16 http fetch GET 200 https://registry.npmjs.org/axios 2419ms (cache updated)
17 silly packumentCache full:https://registry.npmjs.org/axios set size:undefined disposed:false
18 silly placeDep ROOT axios@1.8.3 OK for: download@1.0.0 want: *
19 silly fetch manifest follow-redirects@^1.15.6
20 silly packumentCache full:https://registry.npmjs.org/follow-redirects cache-miss
21 silly fetch manifest form-data@^4.0.0
22 silly packumentCache full:https://registry.npmjs.org/form-data cache-miss
23 silly fetch manifest proxy-from-env@^1.1.0
24 silly packumentCache full:https://registry.npmjs.org/proxy-from-env cache-miss
25 http fetch GET 200 https://registry.npmjs.org/follow-redirects 288ms (cache updated)
26 silly packumentCache full:https://registry.npmjs.org/follow-redirects set size:undefined disposed:false
27 http fetch GET 200 https://registry.npmjs.org/form-data 1358ms (cache updated)
28 silly packumentCache full:https://registry.npmjs.org/form-data set size:undefined disposed:false
29 http fetch GET 200 https://registry.npmjs.org/proxy-from-env 1569ms (cache updated)
30 silly packumentCache full:https://registry.npmjs.org/proxy-from-env set size:undefined disposed:false
31 silly placeDep ROOT follow-redirects@1.15.9 OK for: axios@1.8.3 want: ^1.15.6
32 silly placeDep ROOT form-data@4.0.2 OK for: axios@1.8.3 want: ^4.0.0
33 silly placeDep ROOT proxy-from-env@1.1.0 OK for: axios@1.8.3 want: ^1.1.0
34 silly fetch manifest asynckit@^0.4.0
35 silly packumentCache full:https://registry.npmjs.org/asynckit cache-miss
36 silly fetch manifest combined-stream@^1.0.8
37 silly packumentCache full:https://registry.npmjs.org/combined-stream cache-miss
38 silly fetch manifest es-set-tostringtag@^2.1.0
39 silly packumentCache full:https://registry.npmjs.org/es-set-tostringtag cache-miss
40 silly fetch manifest mime-types@^2.1.12
41 silly packumentCache full:https://registry.npmjs.org/mime-types cache-miss
42 http fetch GET 200 https://registry.npmjs.org/combined-stream 276ms (cache updated)
43 silly packumentCache full:https://registry.npmjs.org/combined-stream set size:undefined disposed:false
44 http fetch GET 200 https://registry.npmjs.org/asynckit 284ms (cache updated)
45 silly packumentCache full:https://registry.npmjs.org/asynckit set size:undefined disposed:false
46 http fetch GET 200 https://registry.npmjs.org/mime-types 339ms (cache updated)
47 silly packumentCache full:https://registry.npmjs.org/mime-types set size:undefined disposed:false
48 http fetch GET 200 https://registry.npmjs.org/es-set-tostringtag 884ms (cache updated)
49 silly packumentCache full:https://registry.npmjs.org/es-set-tostringtag set size:undefined disposed:false
50 silly placeDep ROOT asynckit@0.4.0 OK for: form-data@4.0.2 want: ^0.4.0
51 silly placeDep ROOT combined-stream@1.0.8 OK for: form-data@4.0.2 want: ^1.0.8
52 silly placeDep ROOT es-set-tostringtag@2.1.0 OK for: form-data@4.0.2 want: ^2.1.0
53 silly placeDep ROOT mime-types@2.1.35 OK for: form-data@4.0.2 want: ^2.1.12
54 silly fetch manifest delayed-stream@~1.0.0
55 silly packumentCache full:https://registry.npmjs.org/delayed-stream cache-miss
56 silly fetch manifest es-errors@^1.3.0
57 silly packumentCache full:https://registry.npmjs.org/es-errors cache-miss
58 silly fetch manifest get-intrinsic@^1.2.6
59 silly packumentCache full:https://registry.npmjs.org/get-intrinsic cache-miss
60 silly fetch manifest has-tostringtag@^1.0.2
61 silly packumentCache full:https://registry.npmjs.org/has-tostringtag cache-miss
62 silly fetch manifest hasown@^2.0.2
63 silly packumentCache full:https://registry.npmjs.org/hasown cache-miss
64 silly fetch manifest mime-db@1.52.0
65 silly packumentCache full:https://registry.npmjs.org/mime-db cache-miss
66 http fetch GET 200 https://registry.npmjs.org/es-errors 286ms (cache updated)
67 silly packumentCache full:https://registry.npmjs.org/es-errors set size:undefined disposed:false
68 http fetch GET 200 https://registry.npmjs.org/delayed-stream 319ms (cache updated)
69 silly packumentCache full:https://registry.npmjs.org/delayed-stream set size:undefined disposed:false
70 http fetch GET 200 https://registry.npmjs.org/has-tostringtag 316ms (cache updated)
71 silly packumentCache full:https://registry.npmjs.org/has-tostringtag set size:undefined disposed:false
72 http fetch GET 200 https://registry.npmjs.org/get-intrinsic 430ms (cache updated)
73 silly packumentCache full:https://registry.npmjs.org/get-intrinsic set size:undefined disposed:false
74 http fetch GET 200 https://registry.npmjs.org/hasown 1206ms (cache updated)
75 silly packumentCache full:https://registry.npmjs.org/hasown set size:undefined disposed:false
76 http fetch GET 200 https://registry.npmjs.org/mime-db 1327ms (cache updated)
77 silly packumentCache full:https://registry.npmjs.org/mime-db set size:undefined disposed:false
78 silly placeDep ROOT delayed-stream@1.0.0 OK for: combined-stream@1.0.8 want: ~1.0.0
79 silly placeDep ROOT es-errors@1.3.0 OK for: es-set-tostringtag@2.1.0 want: ^1.3.0
80 silly placeDep ROOT get-intrinsic@1.3.0 OK for: es-set-tostringtag@2.1.0 want: ^1.2.6
81 silly placeDep ROOT has-tostringtag@1.0.2 OK for: es-set-tostringtag@2.1.0 want: ^1.0.2
82 silly placeDep ROOT hasown@2.0.2 OK for: es-set-tostringtag@2.1.0 want: ^2.0.2
83 silly fetch manifest call-bind-apply-helpers@^1.0.2
84 silly packumentCache full:https://registry.npmjs.org/call-bind-apply-helpers cache-miss
85 silly fetch manifest es-define-property@^1.0.1
86 silly packumentCache full:https://registry.npmjs.org/es-define-property cache-miss
87 silly fetch manifest es-object-atoms@^1.1.1
88 silly packumentCache full:https://registry.npmjs.org/es-object-atoms cache-miss
89 silly fetch manifest function-bind@^1.1.2
90 silly packumentCache full:https://registry.npmjs.org/function-bind cache-miss
91 silly fetch manifest get-proto@^1.0.1
92 silly packumentCache full:https://registry.npmjs.org/get-proto cache-miss
93 silly fetch manifest gopd@^1.2.0
94 silly packumentCache full:https://registry.npmjs.org/gopd cache-miss
95 silly fetch manifest has-symbols@^1.1.0
96 silly packumentCache full:https://registry.npmjs.org/has-symbols cache-miss
97 http fetch GET 200 https://registry.npmjs.org/es-define-property 297ms (cache updated)
98 silly packumentCache full:https://registry.npmjs.org/es-define-property set size:undefined disposed:false
99 silly fetch manifest math-intrinsics@^1.1.0
100 silly packumentCache full:https://registry.npmjs.org/math-intrinsics cache-miss
101 http fetch GET 200 https://registry.npmjs.org/gopd 308ms (cache updated)
102 silly packumentCache full:https://registry.npmjs.org/gopd set size:undefined disposed:false
103 silly fetch manifest has-symbols@^1.0.3
104 silly packumentCache full:https://registry.npmjs.org/has-symbols cache-miss
105 http fetch GET 200 https://registry.npmjs.org/function-bind 313ms (cache updated)
106 silly packumentCache full:https://registry.npmjs.org/function-bind set size:undefined disposed:false
107 http fetch GET 200 https://registry.npmjs.org/call-bind-apply-helpers 318ms (cache updated)
108 silly packumentCache full:https://registry.npmjs.org/call-bind-apply-helpers set size:undefined disposed:false
109 http fetch GET 200 https://registry.npmjs.org/has-symbols 315ms (cache updated)
110 silly packumentCache full:https://registry.npmjs.org/has-symbols set size:undefined disposed:false
111 http fetch GET 200 https://registry.npmjs.org/es-object-atoms 332ms (cache updated)
112 silly packumentCache full:https://registry.npmjs.org/es-object-atoms set size:undefined disposed:false
113 http cache https://registry.npmjs.org/has-symbols 30ms (cache hit)
114 silly packumentCache full:https://registry.npmjs.org/has-symbols set size:21550 disposed:false
115 http fetch GET 200 https://registry.npmjs.org/math-intrinsics 339ms (cache updated)
116 silly packumentCache full:https://registry.npmjs.org/math-intrinsics set size:undefined disposed:false
117 http fetch GET https://registry.npmjs.org/get-proto attempt 1 failed with ECONNRESET
118 http fetch GET 200 https://registry.npmjs.org/get-proto 11001ms attempt #2 (cache updated)
119 silly packumentCache full:https://registry.npmjs.org/get-proto set size:undefined disposed:false
120 silly placeDep ROOT call-bind-apply-helpers@1.0.2 OK for: get-intrinsic@1.3.0 want: ^1.0.2
121 silly placeDep ROOT es-define-property@1.0.1 OK for: get-intrinsic@1.3.0 want: ^1.0.1
122 silly placeDep ROOT es-object-atoms@1.1.1 OK for: get-intrinsic@1.3.0 want: ^1.1.1
123 silly placeDep ROOT function-bind@1.1.2 OK for: get-intrinsic@1.3.0 want: ^1.1.2
124 silly placeDep ROOT get-proto@1.0.1 OK for: get-intrinsic@1.3.0 want: ^1.0.1
125 silly placeDep ROOT gopd@1.2.0 OK for: get-intrinsic@1.3.0 want: ^1.2.0
126 silly placeDep ROOT has-symbols@1.1.0 OK for: get-intrinsic@1.3.0 want: ^1.1.0
127 silly placeDep ROOT math-intrinsics@1.1.0 OK for: get-intrinsic@1.3.0 want: ^1.1.0
128 silly fetch manifest dunder-proto@^1.0.1
129 silly packumentCache full:https://registry.npmjs.org/dunder-proto cache-miss
130 http fetch GET 200 https://registry.npmjs.org/dunder-proto 325ms (cache updated)
131 silly packumentCache full:https://registry.npmjs.org/dunder-proto set size:undefined disposed:false
132 silly placeDep ROOT dunder-proto@1.0.1 OK for: get-proto@1.0.1 want: ^1.0.1
133 silly placeDep ROOT mime-db@1.52.0 OK for: mime-types@2.1.35 want: 1.52.0
134 silly reify moves {}
135 silly audit bulk request {
135 silly audit   axios: [ '1.8.3' ],
135 silly audit   'follow-redirects': [ '1.15.9' ],
135 silly audit   'form-data': [ '4.0.2' ],
135 silly audit   'proxy-from-env': [ '1.1.0' ],
135 silly audit   asynckit: [ '0.4.0' ],
135 silly audit   'combined-stream': [ '1.0.8' ],
135 silly audit   'es-set-tostringtag': [ '2.1.0' ],
135 silly audit   'mime-types': [ '2.1.35' ],
135 silly audit   'delayed-stream': [ '1.0.0' ],
135 silly audit   'es-errors': [ '1.3.0' ],
135 silly audit   'get-intrinsic': [ '1.3.0' ],
135 silly audit   'has-tostringtag': [ '1.0.2' ],
135 silly audit   hasown: [ '2.0.2' ],
135 silly audit   'call-bind-apply-helpers': [ '1.0.2' ],
135 silly audit   'es-define-property': [ '1.0.1' ],
135 silly audit   'es-object-atoms': [ '1.1.1' ],
135 silly audit   'function-bind': [ '1.1.2' ],
135 silly audit   'get-proto': [ '1.0.1' ],
135 silly audit   gopd: [ '1.2.0' ],
135 silly audit   'has-symbols': [ '1.1.0' ],
135 silly audit   'math-intrinsics': [ '1.1.0' ],
135 silly audit   'dunder-proto': [ '1.0.1' ],
135 silly audit   'mime-db': [ '1.52.0' ]
135 silly audit }
136 http cache math-intrinsics@https://registry.npmjs.org/math-intrinsics/-/math-intrinsics-1.1.0.tgz 0ms (cache hit)
137 http cache dunder-proto@https://registry.npmjs.org/dunder-proto/-/dunder-proto-1.0.1.tgz 0ms (cache hit)
138 http cache mime-db@https://registry.npmjs.org/mime-db/-/mime-db-1.52.0.tgz 0ms (cache hit)
139 http cache has-symbols@https://registry.npmjs.org/has-symbols/-/has-symbols-1.1.0.tgz 0ms (cache hit)
140 http cache function-bind@https://registry.npmjs.org/function-bind/-/function-bind-1.1.2.tgz 0ms (cache hit)
141 http cache es-object-atoms@https://registry.npmjs.org/es-object-atoms/-/es-object-atoms-1.1.1.tgz 0ms (cache hit)
142 http cache gopd@https://registry.npmjs.org/gopd/-/gopd-1.2.0.tgz 0ms (cache hit)
143 http cache hasown@https://registry.npmjs.org/hasown/-/hasown-2.0.2.tgz 0ms (cache hit)
144 http cache get-proto@https://registry.npmjs.org/get-proto/-/get-proto-1.0.1.tgz 0ms (cache hit)
145 http cache es-errors@https://registry.npmjs.org/es-errors/-/es-errors-1.3.0.tgz 0ms (cache hit)
146 http cache has-tostringtag@https://registry.npmjs.org/has-tostringtag/-/has-tostringtag-1.0.2.tgz 0ms (cache hit)
147 http cache call-bind-apply-helpers@https://registry.npmjs.org/call-bind-apply-helpers/-/call-bind-apply-helpers-1.0.2.tgz 0ms (cache hit)
148 http cache es-define-property@https://registry.npmjs.org/es-define-property/-/es-define-property-1.0.1.tgz 0ms (cache hit)
149 http cache mime-types@https://registry.npmjs.org/mime-types/-/mime-types-2.1.35.tgz 0ms (cache hit)
150 http cache delayed-stream@https://registry.npmjs.org/delayed-stream/-/delayed-stream-1.0.0.tgz 0ms (cache hit)
151 http cache get-intrinsic@https://registry.npmjs.org/get-intrinsic/-/get-intrinsic-1.3.0.tgz 0ms (cache hit)
152 http cache combined-stream@https://registry.npmjs.org/combined-stream/-/combined-stream-1.0.8.tgz 0ms (cache hit)
153 http cache es-set-tostringtag@https://registry.npmjs.org/es-set-tostringtag/-/es-set-tostringtag-2.1.0.tgz 0ms (cache hit)
154 http cache asynckit@https://registry.npmjs.org/asynckit/-/asynckit-0.4.0.tgz 0ms (cache hit)
155 http cache form-data@https://registry.npmjs.org/form-data/-/form-data-4.0.2.tgz 0ms (cache hit)
156 http cache proxy-from-env@https://registry.npmjs.org/proxy-from-env/-/proxy-from-env-1.1.0.tgz 0ms (cache hit)
157 http cache follow-redirects@https://registry.npmjs.org/follow-redirects/-/follow-redirects-1.15.9.tgz 0ms (cache hit)
158 http cache axios@https://registry.npmjs.org/axios/-/axios-1.8.3.tgz 0ms (cache hit)
159 http fetch POST 200 https://registry.npmjs.org/-/npm/v1/security/advisories/bulk 890ms
160 silly audit report {}
161 silly ADD node_modules/mime-db
162 silly ADD node_modules/dunder-proto
163 silly ADD node_modules/math-intrinsics
164 silly ADD node_modules/has-symbols
165 silly ADD node_modules/gopd
166 silly ADD node_modules/get-proto
167 silly ADD node_modules/function-bind
168 silly ADD node_modules/es-object-atoms
169 silly ADD node_modules/es-define-property
170 silly ADD node_modules/call-bind-apply-helpers
171 silly ADD node_modules/hasown
172 silly ADD node_modules/has-tostringtag
173 silly ADD node_modules/get-intrinsic
174 silly ADD node_modules/es-errors
175 silly ADD node_modules/delayed-stream
176 silly ADD node_modules/mime-types
177 silly ADD node_modules/es-set-tostringtag
178 silly ADD node_modules/combined-stream
179 silly ADD node_modules/asynckit
180 silly ADD node_modules/proxy-from-env
181 silly ADD node_modules/form-data
182 silly ADD node_modules/follow-redirects
183 silly ADD node_modules/axios
184 verbose cwd /storage/emulated/0/Download
185 verbose os Linux 5.4.274-moto-00501-gab6655bf773d
186 verbose node v23.10.0
187 verbose npm  v10.9.2
188 verbose exit 0
189 info ok
