0 verbose cli /data/data/com.termux/files/usr/bin/node /data/data/com.termux/files/usr/bin/npm
1 info using npm@10.9.2
2 info using node@v23.8.0
3 silly config load:file:/data/data/com.termux/files/usr/lib/node_modules/npm/npmrc
4 silly config load:file:/data/data/com.termux/files/home/telegram-imgur-bot/.npmrc
5 silly config load:file:/data/data/com.termux/files/home/.npmrc
6 silly config load:file:/data/data/com.termux/files/usr/etc/npmrc
7 verbose title npm install telegraf axios dotenv
8 verbose argv "install" "telegraf" "axios" "dotenv"
9 verbose logfile logs-max:10 dir:/data/data/com.termux/files/home/.npm/_logs/2025-03-14T19_11_50_946Z-
10 verbose logfile /data/data/com.termux/files/home/.npm/_logs/2025-03-14T19_11_50_946Z-debug-0.log
11 silly logfile done cleaning log files
12 silly packumentCache heap:1098907648 maxSize:274726912 maxEntrySize:137363456
13 silly idealTree buildDeps
14 silly fetch manifest telegraf@*
15 silly packumentCache full:https://registry.npmjs.org/telegraf cache-miss
16 http fetch GET 200 https://registry.npmjs.org/telegraf 1149ms (cache miss)
17 silly packumentCache full:https://registry.npmjs.org/telegraf set size:undefined disposed:false
18 silly fetch manifest axios@*
19 silly packumentCache full:https://registry.npmjs.org/axios cache-miss
20 http fetch GET 200 https://registry.npmjs.org/axios 173ms (cache miss)
21 silly packumentCache full:https://registry.npmjs.org/axios set size:undefined disposed:false
22 silly fetch manifest dotenv@*
23 silly packumentCache full:https://registry.npmjs.org/dotenv cache-miss
24 http fetch GET 200 https://registry.npmjs.org/dotenv 166ms (cache miss)
25 silly packumentCache full:https://registry.npmjs.org/dotenv set size:undefined disposed:false
26 silly placeDep ROOT axios@1.8.3 OK for: telegram-imgur-bot@1.0.0 want: *
27 silly placeDep ROOT dotenv@16.4.7 OK for: telegram-imgur-bot@1.0.0 want: *
28 silly placeDep ROOT telegraf@4.16.3 OK for: telegram-imgur-bot@1.0.0 want: *
29 silly fetch manifest follow-redirects@^1.15.6
30 silly packumentCache full:https://registry.npmjs.org/follow-redirects cache-miss
31 silly fetch manifest form-data@^4.0.0
32 silly packumentCache full:https://registry.npmjs.org/form-data cache-miss
33 silly fetch manifest proxy-from-env@^1.1.0
34 silly packumentCache full:https://registry.npmjs.org/proxy-from-env cache-miss
35 silly fetch manifest @telegraf/types@^7.1.0
36 silly packumentCache full:https://registry.npmjs.org/@telegraf%2ftypes cache-miss
37 silly fetch manifest abort-controller@^3.0.0
38 silly packumentCache full:https://registry.npmjs.org/abort-controller cache-miss
39 silly fetch manifest debug@^4.3.4
40 silly packumentCache full:https://registry.npmjs.org/debug cache-miss
41 silly fetch manifest mri@^1.2.0
42 silly packumentCache full:https://registry.npmjs.org/mri cache-miss
43 http fetch GET 200 https://registry.npmjs.org/follow-redirects 152ms (cache miss)
44 silly packumentCache full:https://registry.npmjs.org/follow-redirects set size:undefined disposed:false
45 silly fetch manifest node-fetch@^2.7.0
46 silly packumentCache full:https://registry.npmjs.org/node-fetch cache-miss
47 http fetch GET 200 https://registry.npmjs.org/node-fetch 189ms (cache miss)
48 silly packumentCache full:https://registry.npmjs.org/node-fetch set size:undefined disposed:false
49 silly fetch manifest p-timeout@^4.1.0
50 silly packumentCache full:https://registry.npmjs.org/p-timeout cache-miss
51 http fetch GET 200 https://registry.npmjs.org/p-timeout 137ms (cache miss)
52 silly packumentCache full:https://registry.npmjs.org/p-timeout set size:undefined disposed:false
53 silly fetch manifest safe-compare@^1.1.4
54 silly packumentCache full:https://registry.npmjs.org/safe-compare cache-miss
55 http fetch GET 200 https://registry.npmjs.org/abort-controller 573ms (cache miss)
56 silly packumentCache full:https://registry.npmjs.org/abort-controller set size:undefined disposed:false
57 silly fetch manifest sandwich-stream@^2.0.2
58 silly packumentCache full:https://registry.npmjs.org/sandwich-stream cache-miss
59 http fetch GET 200 https://registry.npmjs.org/mri 574ms (cache miss)
60 silly packumentCache full:https://registry.npmjs.org/mri set size:undefined disposed:false
61 http fetch GET 200 https://registry.npmjs.org/proxy-from-env 587ms (cache miss)
62 silly packumentCache full:https://registry.npmjs.org/proxy-from-env set size:undefined disposed:false
63 http fetch GET 200 https://registry.npmjs.org/form-data 633ms (cache miss)
64 silly packumentCache full:https://registry.npmjs.org/form-data set size:undefined disposed:false
65 http fetch GET 200 https://registry.npmjs.org/safe-compare 138ms (cache miss)
66 silly packumentCache full:https://registry.npmjs.org/safe-compare set size:undefined disposed:false
67 http fetch GET 200 https://registry.npmjs.org/debug 678ms (cache miss)
68 silly packumentCache full:https://registry.npmjs.org/debug set size:undefined disposed:false
69 http fetch GET 200 https://registry.npmjs.org/sandwich-stream 146ms (cache miss)
70 silly packumentCache full:https://registry.npmjs.org/sandwich-stream set size:undefined disposed:false
71 http fetch GET 200 https://registry.npmjs.org/@telegraf%2ftypes 822ms (cache miss)
72 silly packumentCache full:https://registry.npmjs.org/@telegraf%2ftypes set size:undefined disposed:false
73 silly placeDep ROOT follow-redirects@1.15.9 OK for: axios@1.8.3 want: ^1.15.6
74 silly placeDep ROOT form-data@4.0.2 OK for: axios@1.8.3 want: ^4.0.0
75 silly placeDep ROOT proxy-from-env@1.1.0 OK for: axios@1.8.3 want: ^1.1.0
76 silly fetch manifest asynckit@^0.4.0
77 silly packumentCache full:https://registry.npmjs.org/asynckit cache-miss
78 silly fetch manifest combined-stream@^1.0.8
79 silly packumentCache full:https://registry.npmjs.org/combined-stream cache-miss
80 silly fetch manifest es-set-tostringtag@^2.1.0
81 silly packumentCache full:https://registry.npmjs.org/es-set-tostringtag cache-miss
82 silly fetch manifest mime-types@^2.1.12
83 silly packumentCache full:https://registry.npmjs.org/mime-types cache-miss
84 http fetch GET 200 https://registry.npmjs.org/asynckit 158ms (cache miss)
85 silly packumentCache full:https://registry.npmjs.org/asynckit set size:undefined disposed:false
86 http fetch GET 200 https://registry.npmjs.org/es-set-tostringtag 157ms (cache miss)
87 silly packumentCache full:https://registry.npmjs.org/es-set-tostringtag set size:undefined disposed:false
88 http fetch GET 200 https://registry.npmjs.org/combined-stream 161ms (cache miss)
89 silly packumentCache full:https://registry.npmjs.org/combined-stream set size:undefined disposed:false
90 http fetch GET 200 https://registry.npmjs.org/mime-types 163ms (cache miss)
91 silly packumentCache full:https://registry.npmjs.org/mime-types set size:undefined disposed:false
92 silly placeDep ROOT asynckit@0.4.0 OK for: form-data@4.0.2 want: ^0.4.0
93 silly placeDep ROOT combined-stream@1.0.8 OK for: form-data@4.0.2 want: ^1.0.8
94 silly placeDep ROOT es-set-tostringtag@2.1.0 OK for: form-data@4.0.2 want: ^2.1.0
95 silly placeDep ROOT mime-types@2.1.35 OK for: form-data@4.0.2 want: ^2.1.12
96 silly fetch manifest delayed-stream@~1.0.0
97 silly packumentCache full:https://registry.npmjs.org/delayed-stream cache-miss
98 silly fetch manifest es-errors@^1.3.0
99 silly packumentCache full:https://registry.npmjs.org/es-errors cache-miss
100 silly fetch manifest get-intrinsic@^1.2.6
101 silly packumentCache full:https://registry.npmjs.org/get-intrinsic cache-miss
102 silly fetch manifest has-tostringtag@^1.0.2
103 silly packumentCache full:https://registry.npmjs.org/has-tostringtag cache-miss
104 silly fetch manifest hasown@^2.0.2
105 silly packumentCache full:https://registry.npmjs.org/hasown cache-miss
106 silly fetch manifest mime-db@1.52.0
107 silly packumentCache full:https://registry.npmjs.org/mime-db cache-miss
108 http fetch GET 200 https://registry.npmjs.org/hasown 169ms (cache miss)
109 silly packumentCache full:https://registry.npmjs.org/hasown set size:undefined disposed:false
110 http fetch GET 200 https://registry.npmjs.org/has-tostringtag 174ms (cache miss)
111 silly packumentCache full:https://registry.npmjs.org/has-tostringtag set size:undefined disposed:false
112 http fetch GET 200 https://registry.npmjs.org/es-errors 178ms (cache miss)
113 silly packumentCache full:https://registry.npmjs.org/es-errors set size:undefined disposed:false
114 http fetch GET 200 https://registry.npmjs.org/delayed-stream 181ms (cache miss)
115 silly packumentCache full:https://registry.npmjs.org/delayed-stream set size:undefined disposed:false
116 http fetch GET 200 https://registry.npmjs.org/get-intrinsic 183ms (cache miss)
117 silly packumentCache full:https://registry.npmjs.org/get-intrinsic set size:undefined disposed:false
118 http fetch GET 200 https://registry.npmjs.org/mime-db 185ms (cache miss)
119 silly packumentCache full:https://registry.npmjs.org/mime-db set size:undefined disposed:false
120 silly placeDep ROOT delayed-stream@1.0.0 OK for: combined-stream@1.0.8 want: ~1.0.0
121 silly placeDep ROOT es-errors@1.3.0 OK for: es-set-tostringtag@2.1.0 want: ^1.3.0
122 silly placeDep ROOT get-intrinsic@1.3.0 OK for: es-set-tostringtag@2.1.0 want: ^1.2.6
123 silly placeDep ROOT has-tostringtag@1.0.2 OK for: es-set-tostringtag@2.1.0 want: ^1.0.2
124 silly placeDep ROOT hasown@2.0.2 OK for: es-set-tostringtag@2.1.0 want: ^2.0.2
125 silly fetch manifest call-bind-apply-helpers@^1.0.2
126 silly packumentCache full:https://registry.npmjs.org/call-bind-apply-helpers cache-miss
127 silly fetch manifest es-define-property@^1.0.1
128 silly packumentCache full:https://registry.npmjs.org/es-define-property cache-miss
129 silly fetch manifest es-object-atoms@^1.1.1
130 silly packumentCache full:https://registry.npmjs.org/es-object-atoms cache-miss
131 silly fetch manifest function-bind@^1.1.2
132 silly packumentCache full:https://registry.npmjs.org/function-bind cache-miss
133 silly fetch manifest get-proto@^1.0.1
134 silly packumentCache full:https://registry.npmjs.org/get-proto cache-miss
135 silly fetch manifest gopd@^1.2.0
136 silly packumentCache full:https://registry.npmjs.org/gopd cache-miss
137 silly fetch manifest has-symbols@^1.1.0
138 silly packumentCache full:https://registry.npmjs.org/has-symbols cache-miss
139 http fetch GET 200 https://registry.npmjs.org/call-bind-apply-helpers 183ms (cache miss)
140 silly packumentCache full:https://registry.npmjs.org/call-bind-apply-helpers set size:undefined disposed:false
141 silly fetch manifest math-intrinsics@^1.1.0
142 silly packumentCache full:https://registry.npmjs.org/math-intrinsics cache-miss
143 http fetch GET 200 https://registry.npmjs.org/es-object-atoms 187ms (cache miss)
144 silly packumentCache full:https://registry.npmjs.org/es-object-atoms set size:undefined disposed:false
145 silly fetch manifest has-symbols@^1.0.3
146 silly packumentCache full:https://registry.npmjs.org/has-symbols cache-miss
147 http fetch GET 200 https://registry.npmjs.org/has-symbols 187ms (cache miss)
148 silly packumentCache full:https://registry.npmjs.org/has-symbols set size:undefined disposed:false
149 silly fetch manifest function-bind@^1.1.2
150 silly packumentCache full:https://registry.npmjs.org/function-bind cache-miss
151 http fetch GET 200 https://registry.npmjs.org/function-bind 193ms (cache miss)
152 silly packumentCache full:https://registry.npmjs.org/function-bind set size:undefined disposed:false
153 http fetch GET 200 https://registry.npmjs.org/es-define-property 198ms (cache miss)
154 silly packumentCache full:https://registry.npmjs.org/es-define-property set size:undefined disposed:false
155 http fetch GET 200 https://registry.npmjs.org/gopd 195ms (cache miss)
156 silly packumentCache full:https://registry.npmjs.org/gopd set size:undefined disposed:false
157 http fetch GET 200 https://registry.npmjs.org/get-proto 198ms (cache miss)
158 silly packumentCache full:https://registry.npmjs.org/get-proto set size:undefined disposed:false
159 http cache https://registry.npmjs.org/has-symbols 37ms (cache hit)
160 silly packumentCache full:https://registry.npmjs.org/has-symbols set size:21550 disposed:false
161 http cache https://registry.npmjs.org/function-bind 35ms (cache hit)
162 silly packumentCache full:https://registry.npmjs.org/function-bind set size:15733 disposed:false
163 http fetch GET 200 https://registry.npmjs.org/math-intrinsics 155ms (cache miss)
164 silly packumentCache full:https://registry.npmjs.org/math-intrinsics set size:undefined disposed:false
165 silly placeDep ROOT call-bind-apply-helpers@1.0.2 OK for: get-intrinsic@1.3.0 want: ^1.0.2
166 silly placeDep ROOT es-define-property@1.0.1 OK for: get-intrinsic@1.3.0 want: ^1.0.1
167 silly placeDep ROOT es-object-atoms@1.1.1 OK for: get-intrinsic@1.3.0 want: ^1.1.1
168 silly placeDep ROOT function-bind@1.1.2 OK for: get-intrinsic@1.3.0 want: ^1.1.2
169 silly placeDep ROOT get-proto@1.0.1 OK for: get-intrinsic@1.3.0 want: ^1.0.1
170 silly placeDep ROOT gopd@1.2.0 OK for: get-intrinsic@1.3.0 want: ^1.2.0
171 silly placeDep ROOT has-symbols@1.1.0 OK for: get-intrinsic@1.3.0 want: ^1.1.0
172 silly placeDep ROOT math-intrinsics@1.1.0 OK for: get-intrinsic@1.3.0 want: ^1.1.0
173 silly fetch manifest dunder-proto@^1.0.1
174 silly packumentCache full:https://registry.npmjs.org/dunder-proto cache-miss
175 http fetch GET 200 https://registry.npmjs.org/dunder-proto 152ms (cache miss)
176 silly packumentCache full:https://registry.npmjs.org/dunder-proto set size:undefined disposed:false
177 silly placeDep ROOT dunder-proto@1.0.1 OK for: get-proto@1.0.1 want: ^1.0.1
178 silly placeDep ROOT mime-db@1.52.0 OK for: mime-types@2.1.35 want: 1.52.0
179 silly fetch manifest encoding@^0.1.0
180 silly packumentCache full:https://registry.npmjs.org/encoding cache-miss
181 http fetch GET 200 https://registry.npmjs.org/encoding 149ms (cache miss)
182 silly packumentCache full:https://registry.npmjs.org/encoding set size:undefined disposed:false
183 silly placeDep ROOT @telegraf/types@7.1.0 OK for: telegraf@4.16.3 want: ^7.1.0
184 silly placeDep ROOT abort-controller@3.0.0 OK for: telegraf@4.16.3 want: ^3.0.0
185 silly placeDep ROOT debug@4.4.0 OK for: telegraf@4.16.3 want: ^4.3.4
186 silly placeDep ROOT mri@1.2.0 OK for: telegraf@4.16.3 want: ^1.2.0
187 silly placeDep ROOT node-fetch@2.7.0 OK for: telegraf@4.16.3 want: ^2.7.0
188 silly placeDep ROOT p-timeout@4.1.0 OK for: telegraf@4.16.3 want: ^4.1.0
189 silly placeDep ROOT safe-compare@1.1.4 OK for: telegraf@4.16.3 want: ^1.1.4
190 silly placeDep ROOT sandwich-stream@2.0.2 OK for: telegraf@4.16.3 want: ^2.0.2
191 silly fetch manifest event-target-shim@^5.0.0
192 silly packumentCache full:https://registry.npmjs.org/event-target-shim cache-miss
193 silly fetch manifest ms@^2.1.3
194 silly packumentCache full:https://registry.npmjs.org/ms cache-miss
195 silly fetch manifest whatwg-url@^5.0.0
196 silly packumentCache full:https://registry.npmjs.org/whatwg-url cache-miss
197 silly fetch manifest buffer-alloc@^1.2.0
198 silly packumentCache full:https://registry.npmjs.org/buffer-alloc cache-miss
199 http fetch GET 200 https://registry.npmjs.org/buffer-alloc 147ms (cache miss)
200 silly packumentCache full:https://registry.npmjs.org/buffer-alloc set size:undefined disposed:false
201 http fetch GET 200 https://registry.npmjs.org/event-target-shim 166ms (cache miss)
202 silly packumentCache full:https://registry.npmjs.org/event-target-shim set size:undefined disposed:false
203 http fetch GET 200 https://registry.npmjs.org/ms 170ms (cache miss)
204 silly packumentCache full:https://registry.npmjs.org/ms set size:undefined disposed:false
205 http fetch GET 200 https://registry.npmjs.org/whatwg-url 174ms (cache miss)
206 silly packumentCache full:https://registry.npmjs.org/whatwg-url set size:undefined disposed:false
207 silly placeDep ROOT event-target-shim@5.0.1 OK for: abort-controller@3.0.0 want: ^5.0.0
208 silly placeDep ROOT ms@2.1.3 OK for: debug@4.4.0 want: ^2.1.3
209 silly placeDep ROOT whatwg-url@5.0.0 OK for: node-fetch@2.7.0 want: ^5.0.0
210 silly fetch manifest tr46@~0.0.3
211 silly packumentCache full:https://registry.npmjs.org/tr46 cache-miss
212 silly fetch manifest webidl-conversions@^3.0.0
213 silly packumentCache full:https://registry.npmjs.org/webidl-conversions cache-miss
214 http fetch GET 200 https://registry.npmjs.org/webidl-conversions 152ms (cache miss)
215 silly packumentCache full:https://registry.npmjs.org/webidl-conversions set size:undefined disposed:false
216 http fetch GET 200 https://registry.npmjs.org/tr46 817ms (cache miss)
217 silly packumentCache full:https://registry.npmjs.org/tr46 set size:undefined disposed:false
218 silly placeDep ROOT buffer-alloc@1.2.0 OK for: safe-compare@1.1.4 want: ^1.2.0
219 silly fetch manifest buffer-alloc-unsafe@^1.1.0
220 silly packumentCache full:https://registry.npmjs.org/buffer-alloc-unsafe cache-miss
221 silly fetch manifest buffer-fill@^1.0.0
222 silly packumentCache full:https://registry.npmjs.org/buffer-fill cache-miss
223 http fetch GET 200 https://registry.npmjs.org/buffer-fill 153ms (cache miss)
224 silly packumentCache full:https://registry.npmjs.org/buffer-fill set size:undefined disposed:false
225 http fetch GET 200 https://registry.npmjs.org/buffer-alloc-unsafe 160ms (cache miss)
226 silly packumentCache full:https://registry.npmjs.org/buffer-alloc-unsafe set size:undefined disposed:false
227 silly placeDep ROOT buffer-alloc-unsafe@1.1.0 OK for: buffer-alloc@1.2.0 want: ^1.1.0
228 silly placeDep ROOT buffer-fill@1.0.0 OK for: buffer-alloc@1.2.0 want: ^1.0.0
229 silly placeDep ROOT tr46@0.0.3 OK for: whatwg-url@5.0.0 want: ~0.0.3
230 silly placeDep ROOT webidl-conversions@3.0.1 OK for: whatwg-url@5.0.0 want: ^3.0.0
231 silly reify moves {}
232 silly audit bulk request {
232 silly audit   axios: [ '1.8.3' ],
232 silly audit   dotenv: [ '16.4.7' ],
232 silly audit   telegraf: [ '4.16.3' ],
232 silly audit   'follow-redirects': [ '1.15.9' ],
232 silly audit   'form-data': [ '4.0.2' ],
232 silly audit   'proxy-from-env': [ '1.1.0' ],
232 silly audit   asynckit: [ '0.4.0' ],
232 silly audit   'combined-stream': [ '1.0.8' ],
232 silly audit   'es-set-tostringtag': [ '2.1.0' ],
232 silly audit   'mime-types': [ '2.1.35' ],
232 silly audit   'delayed-stream': [ '1.0.0' ],
232 silly audit   'es-errors': [ '1.3.0' ],
232 silly audit   'get-intrinsic': [ '1.3.0' ],
232 silly audit   'has-tostringtag': [ '1.0.2' ],
232 silly audit   hasown: [ '2.0.2' ],
232 silly audit   'call-bind-apply-helpers': [ '1.0.2' ],
232 silly audit   'es-define-property': [ '1.0.1' ],
232 silly audit   'es-object-atoms': [ '1.1.1' ],
232 silly audit   'function-bind': [ '1.1.2' ],
232 silly audit   'get-proto': [ '1.0.1' ],
232 silly audit   gopd: [ '1.2.0' ],
232 silly audit   'has-symbols': [ '1.1.0' ],
232 silly audit   'math-intrinsics': [ '1.1.0' ],
232 silly audit   'dunder-proto': [ '1.0.1' ],
232 silly audit   'mime-db': [ '1.52.0' ],
232 silly audit   '@telegraf/types': [ '7.1.0' ],
232 silly audit   'abort-controller': [ '3.0.0' ],
232 silly audit   debug: [ '4.4.0' ],
232 silly audit   mri: [ '1.2.0' ],
232 silly audit   'node-fetch': [ '2.7.0' ],
232 silly audit   'p-timeout': [ '4.1.0' ],
232 silly audit   'safe-compare': [ '1.1.4' ],
232 silly audit   'sandwich-stream': [ '2.0.2' ],
232 silly audit   'event-target-shim': [ '5.0.1' ],
232 silly audit   ms: [ '2.1.3' ],
232 silly audit   'whatwg-url': [ '5.0.0' ],
232 silly audit   'buffer-alloc': [ '1.2.0' ],
232 silly audit   'buffer-alloc-unsafe': [ '1.1.0' ],
232 silly audit   'buffer-fill': [ '1.0.0' ],
232 silly audit   tr46: [ '0.0.3' ],
232 silly audit   'webidl-conversions': [ '3.0.1' ]
232 silly audit }
233 http cache buffer-fill@https://registry.npmjs.org/buffer-fill/-/buffer-fill-1.0.0.tgz 0ms (cache hit)
234 http cache webidl-conversions@https://registry.npmjs.org/webidl-conversions/-/webidl-conversions-3.0.1.tgz 0ms (cache hit)
235 http cache tr46@https://registry.npmjs.org/tr46/-/tr46-0.0.3.tgz 0ms (cache hit)
236 http cache buffer-alloc-unsafe@https://registry.npmjs.org/buffer-alloc-unsafe/-/buffer-alloc-unsafe-1.1.0.tgz 0ms (cache hit)
237 http cache buffer-alloc@https://registry.npmjs.org/buffer-alloc/-/buffer-alloc-1.2.0.tgz 0ms (cache hit)
238 http cache whatwg-url@https://registry.npmjs.org/whatwg-url/-/whatwg-url-5.0.0.tgz 0ms (cache hit)
239 http cache ms@https://registry.npmjs.org/ms/-/ms-2.1.3.tgz 0ms (cache hit)
240 http cache event-target-shim@https://registry.npmjs.org/event-target-shim/-/event-target-shim-5.0.1.tgz 0ms (cache hit)
241 http cache sandwich-stream@https://registry.npmjs.org/sandwich-stream/-/sandwich-stream-2.0.2.tgz 0ms (cache hit)
242 http cache node-fetch@https://registry.npmjs.org/node-fetch/-/node-fetch-2.7.0.tgz 0ms (cache hit)
243 http cache safe-compare@https://registry.npmjs.org/safe-compare/-/safe-compare-1.1.4.tgz 0ms (cache hit)
244 http cache debug@https://registry.npmjs.org/debug/-/debug-4.4.0.tgz 0ms (cache hit)
245 http cache mri@https://registry.npmjs.org/mri/-/mri-1.2.0.tgz 0ms (cache hit)
246 http cache abort-controller@https://registry.npmjs.org/abort-controller/-/abort-controller-3.0.0.tgz 0ms (cache hit)
247 http cache @telegraf/types@https://registry.npmjs.org/@telegraf/types/-/types-7.1.0.tgz 0ms (cache hit)
248 http cache mime-db@https://registry.npmjs.org/mime-db/-/mime-db-1.52.0.tgz 0ms (cache hit)
249 http cache dunder-proto@https://registry.npmjs.org/dunder-proto/-/dunder-proto-1.0.1.tgz 0ms (cache hit)
250 http cache math-intrinsics@https://registry.npmjs.org/math-intrinsics/-/math-intrinsics-1.1.0.tgz 0ms (cache hit)
251 http cache gopd@https://registry.npmjs.org/gopd/-/gopd-1.2.0.tgz 0ms (cache hit)
252 http cache p-timeout@https://registry.npmjs.org/p-timeout/-/p-timeout-4.1.0.tgz 0ms (cache hit)
253 http cache has-symbols@https://registry.npmjs.org/has-symbols/-/has-symbols-1.1.0.tgz 0ms (cache hit)
254 http cache es-object-atoms@https://registry.npmjs.org/es-object-atoms/-/es-object-atoms-1.1.1.tgz 1ms (cache hit)
255 http cache get-proto@https://registry.npmjs.org/get-proto/-/get-proto-1.0.1.tgz 0ms (cache hit)
256 http cache hasown@https://registry.npmjs.org/hasown/-/hasown-2.0.2.tgz 0ms (cache hit)
257 http cache has-tostringtag@https://registry.npmjs.org/has-tostringtag/-/has-tostringtag-1.0.2.tgz 0ms (cache hit)
258 http cache es-errors@https://registry.npmjs.org/es-errors/-/es-errors-1.3.0.tgz 0ms (cache hit)
259 http cache call-bind-apply-helpers@https://registry.npmjs.org/call-bind-apply-helpers/-/call-bind-apply-helpers-1.0.2.tgz 0ms (cache hit)
260 http cache get-intrinsic@https://registry.npmjs.org/get-intrinsic/-/get-intrinsic-1.3.0.tgz 0ms (cache hit)
261 http cache delayed-stream@https://registry.npmjs.org/delayed-stream/-/delayed-stream-1.0.0.tgz 0ms (cache hit)
262 http cache mime-types@https://registry.npmjs.org/mime-types/-/mime-types-2.1.35.tgz 0ms (cache hit)
263 http cache es-define-property@https://registry.npmjs.org/es-define-property/-/es-define-property-1.0.1.tgz 0ms (cache hit)
264 http cache function-bind@https://registry.npmjs.org/function-bind/-/function-bind-1.1.2.tgz 0ms (cache hit)
265 http cache es-set-tostringtag@https://registry.npmjs.org/es-set-tostringtag/-/es-set-tostringtag-2.1.0.tgz 0ms (cache hit)
266 http cache combined-stream@https://registry.npmjs.org/combined-stream/-/combined-stream-1.0.8.tgz 0ms (cache hit)
267 http cache asynckit@https://registry.npmjs.org/asynckit/-/asynckit-0.4.0.tgz 0ms (cache hit)
268 http cache proxy-from-env@https://registry.npmjs.org/proxy-from-env/-/proxy-from-env-1.1.0.tgz 0ms (cache hit)
269 http cache form-data@https://registry.npmjs.org/form-data/-/form-data-4.0.2.tgz 0ms (cache hit)
270 http cache follow-redirects@https://registry.npmjs.org/follow-redirects/-/follow-redirects-1.15.9.tgz 0ms (cache hit)
271 http cache telegraf@https://registry.npmjs.org/telegraf/-/telegraf-4.16.3.tgz 0ms (cache hit)
272 http cache dotenv@https://registry.npmjs.org/dotenv/-/dotenv-16.4.7.tgz 0ms (cache hit)
273 http cache axios@https://registry.npmjs.org/axios/-/axios-1.8.3.tgz 0ms (cache hit)
274 silly tarball no local data for buffer-fill@https://registry.npmjs.org/buffer-fill/-/buffer-fill-1.0.0.tgz. Extracting by manifest.
275 silly tarball no local data for webidl-conversions@https://registry.npmjs.org/webidl-conversions/-/webidl-conversions-3.0.1.tgz. Extracting by manifest.
276 silly tarball no local data for tr46@https://registry.npmjs.org/tr46/-/tr46-0.0.3.tgz. Extracting by manifest.
277 silly tarball no local data for buffer-alloc@https://registry.npmjs.org/buffer-alloc/-/buffer-alloc-1.2.0.tgz. Extracting by manifest.
278 silly tarball no local data for buffer-alloc-unsafe@https://registry.npmjs.org/buffer-alloc-unsafe/-/buffer-alloc-unsafe-1.1.0.tgz. Extracting by manifest.
279 silly tarball no local data for whatwg-url@https://registry.npmjs.org/whatwg-url/-/whatwg-url-5.0.0.tgz. Extracting by manifest.
280 silly tarball no local data for ms@https://registry.npmjs.org/ms/-/ms-2.1.3.tgz. Extracting by manifest.
281 silly tarball no local data for event-target-shim@https://registry.npmjs.org/event-target-shim/-/event-target-shim-5.0.1.tgz. Extracting by manifest.
282 silly tarball no local data for sandwich-stream@https://registry.npmjs.org/sandwich-stream/-/sandwich-stream-2.0.2.tgz. Extracting by manifest.
283 silly tarball no local data for node-fetch@https://registry.npmjs.org/node-fetch/-/node-fetch-2.7.0.tgz. Extracting by manifest.
284 silly tarball no local data for safe-compare@https://registry.npmjs.org/safe-compare/-/safe-compare-1.1.4.tgz. Extracting by manifest.
285 silly tarball no local data for debug@https://registry.npmjs.org/debug/-/debug-4.4.0.tgz. Extracting by manifest.
286 silly tarball no local data for mri@https://registry.npmjs.org/mri/-/mri-1.2.0.tgz. Extracting by manifest.
287 silly tarball no local data for abort-controller@https://registry.npmjs.org/abort-controller/-/abort-controller-3.0.0.tgz. Extracting by manifest.
288 silly tarball no local data for @telegraf/types@https://registry.npmjs.org/@telegraf/types/-/types-7.1.0.tgz. Extracting by manifest.
289 silly tarball no local data for mime-db@https://registry.npmjs.org/mime-db/-/mime-db-1.52.0.tgz. Extracting by manifest.
290 silly tarball no local data for dunder-proto@https://registry.npmjs.org/dunder-proto/-/dunder-proto-1.0.1.tgz. Extracting by manifest.
291 silly tarball no local data for math-intrinsics@https://registry.npmjs.org/math-intrinsics/-/math-intrinsics-1.1.0.tgz. Extracting by manifest.
292 silly tarball no local data for gopd@https://registry.npmjs.org/gopd/-/gopd-1.2.0.tgz. Extracting by manifest.
293 silly tarball no local data for p-timeout@https://registry.npmjs.org/p-timeout/-/p-timeout-4.1.0.tgz. Extracting by manifest.
294 silly tarball no local data for has-symbols@https://registry.npmjs.org/has-symbols/-/has-symbols-1.1.0.tgz. Extracting by manifest.
295 silly tarball no local data for es-object-atoms@https://registry.npmjs.org/es-object-atoms/-/es-object-atoms-1.1.1.tgz. Extracting by manifest.
296 silly tarball no local data for get-proto@https://registry.npmjs.org/get-proto/-/get-proto-1.0.1.tgz. Extracting by manifest.
297 silly tarball no local data for hasown@https://registry.npmjs.org/hasown/-/hasown-2.0.2.tgz. Extracting by manifest.
298 silly tarball no local data for has-tostringtag@https://registry.npmjs.org/has-tostringtag/-/has-tostringtag-1.0.2.tgz. Extracting by manifest.
299 silly tarball no local data for es-errors@https://registry.npmjs.org/es-errors/-/es-errors-1.3.0.tgz. Extracting by manifest.
300 silly tarball no local data for call-bind-apply-helpers@https://registry.npmjs.org/call-bind-apply-helpers/-/call-bind-apply-helpers-1.0.2.tgz. Extracting by manifest.
301 silly tarball no local data for get-intrinsic@https://registry.npmjs.org/get-intrinsic/-/get-intrinsic-1.3.0.tgz. Extracting by manifest.
302 silly tarball no local data for delayed-stream@https://registry.npmjs.org/delayed-stream/-/delayed-stream-1.0.0.tgz. Extracting by manifest.
303 silly tarball no local data for mime-types@https://registry.npmjs.org/mime-types/-/mime-types-2.1.35.tgz. Extracting by manifest.
304 silly tarball no local data for es-define-property@https://registry.npmjs.org/es-define-property/-/es-define-property-1.0.1.tgz. Extracting by manifest.
305 silly tarball no local data for function-bind@https://registry.npmjs.org/function-bind/-/function-bind-1.1.2.tgz. Extracting by manifest.
306 silly tarball no local data for es-set-tostringtag@https://registry.npmjs.org/es-set-tostringtag/-/es-set-tostringtag-2.1.0.tgz. Extracting by manifest.
307 silly tarball no local data for combined-stream@https://registry.npmjs.org/combined-stream/-/combined-stream-1.0.8.tgz. Extracting by manifest.
308 silly tarball no local data for asynckit@https://registry.npmjs.org/asynckit/-/asynckit-0.4.0.tgz. Extracting by manifest.
309 silly tarball no local data for proxy-from-env@https://registry.npmjs.org/proxy-from-env/-/proxy-from-env-1.1.0.tgz. Extracting by manifest.
310 silly tarball no local data for form-data@https://registry.npmjs.org/form-data/-/form-data-4.0.2.tgz. Extracting by manifest.
311 silly tarball no local data for follow-redirects@https://registry.npmjs.org/follow-redirects/-/follow-redirects-1.15.9.tgz. Extracting by manifest.
312 silly tarball no local data for telegraf@https://registry.npmjs.org/telegraf/-/telegraf-4.16.3.tgz. Extracting by manifest.
313 silly tarball no local data for dotenv@https://registry.npmjs.org/dotenv/-/dotenv-16.4.7.tgz. Extracting by manifest.
314 silly tarball no local data for axios@https://registry.npmjs.org/axios/-/axios-1.8.3.tgz. Extracting by manifest.
315 http fetch POST 200 https://registry.npmjs.org/-/npm/v1/security/advisories/bulk 408ms
316 silly audit report {}
317 http fetch GET 200 https://registry.npmjs.org/buffer-alloc/-/buffer-alloc-1.2.0.tgz 376ms (cache miss)
318 http fetch GET 200 https://registry.npmjs.org/whatwg-url/-/whatwg-url-5.0.0.tgz 402ms (cache miss)
319 http fetch GET 200 https://registry.npmjs.org/buffer-fill/-/buffer-fill-1.0.0.tgz 435ms (cache miss)
320 http fetch GET 200 https://registry.npmjs.org/buffer-alloc-unsafe/-/buffer-alloc-unsafe-1.1.0.tgz 432ms (cache miss)
321 http fetch GET 200 https://registry.npmjs.org/webidl-conversions/-/webidl-conversions-3.0.1.tgz 466ms (cache miss)
322 http fetch GET 200 https://registry.npmjs.org/mime-db/-/mime-db-1.52.0.tgz 674ms (cache miss)
323 http fetch GET 200 https://registry.npmjs.org/gopd/-/gopd-1.2.0.tgz 695ms (cache miss)
324 http fetch GET 200 https://registry.npmjs.org/p-timeout/-/p-timeout-4.1.0.tgz 696ms (cache miss)
325 http fetch GET 200 https://registry.npmjs.org/dunder-proto/-/dunder-proto-1.0.1.tgz 741ms (cache miss)
326 http fetch GET 200 https://registry.npmjs.org/has-symbols/-/has-symbols-1.1.0.tgz 787ms (cache miss)
327 http fetch GET 200 https://registry.npmjs.org/tr46/-/tr46-0.0.3.tgz 850ms (cache miss)
328 http fetch GET 200 https://registry.npmjs.org/es-object-atoms/-/es-object-atoms-1.1.1.tgz 828ms (cache miss)
329 http fetch GET 200 https://registry.npmjs.org/get-proto/-/get-proto-1.0.1.tgz 852ms (cache miss)
330 http fetch GET 200 https://registry.npmjs.org/hasown/-/hasown-2.0.2.tgz 853ms (cache miss)
331 http fetch GET 200 https://registry.npmjs.org/has-tostringtag/-/has-tostringtag-1.0.2.tgz 872ms (cache miss)
332 http fetch GET 200 https://registry.npmjs.org/get-intrinsic/-/get-intrinsic-1.3.0.tgz 897ms (cache miss)
333 http fetch GET 200 https://registry.npmjs.org/safe-compare/-/safe-compare-1.1.4.tgz 941ms (cache miss)
334 http fetch GET 200 https://registry.npmjs.org/delayed-stream/-/delayed-stream-1.0.0.tgz 921ms (cache miss)
335 http fetch GET 200 https://registry.npmjs.org/ms/-/ms-2.1.3.tgz 952ms (cache miss)
336 http fetch GET 200 https://registry.npmjs.org/es-errors/-/es-errors-1.3.0.tgz 935ms (cache miss)
337 http fetch GET 200 https://registry.npmjs.org/mime-types/-/mime-types-2.1.35.tgz 936ms (cache miss)
338 http fetch GET 200 https://registry.npmjs.org/call-bind-apply-helpers/-/call-bind-apply-helpers-1.0.2.tgz 942ms (cache miss)
339 http fetch GET 200 https://registry.npmjs.org/es-define-property/-/es-define-property-1.0.1.tgz 942ms (cache miss)
340 http fetch GET 200 https://registry.npmjs.org/combined-stream/-/combined-stream-1.0.8.tgz 945ms (cache miss)
341 http fetch GET 200 https://registry.npmjs.org/mri/-/mri-1.2.0.tgz 969ms (cache miss)
342 http fetch GET 200 https://registry.npmjs.org/es-set-tostringtag/-/es-set-tostringtag-2.1.0.tgz 947ms (cache miss)
343 http fetch GET 200 https://registry.npmjs.org/function-bind/-/function-bind-1.1.2.tgz 957ms (cache miss)
344 http fetch GET 200 https://registry.npmjs.org/math-intrinsics/-/math-intrinsics-1.1.0.tgz 990ms (cache miss)
345 http fetch GET 200 https://registry.npmjs.org/sandwich-stream/-/sandwich-stream-2.0.2.tgz 1001ms (cache miss)
346 http fetch GET 200 https://registry.npmjs.org/asynckit/-/asynckit-0.4.0.tgz 980ms (cache miss)
347 http fetch GET 200 https://registry.npmjs.org/proxy-from-env/-/proxy-from-env-1.1.0.tgz 991ms (cache miss)
348 http fetch GET 200 https://registry.npmjs.org/form-data/-/form-data-4.0.2.tgz 1004ms (cache miss)
349 http fetch GET 200 https://registry.npmjs.org/@telegraf/types/-/types-7.1.0.tgz 1034ms (cache miss)
350 http fetch GET 200 https://registry.npmjs.org/follow-redirects/-/follow-redirects-1.15.9.tgz 1014ms (cache miss)
351 http fetch GET 200 https://registry.npmjs.org/debug/-/debug-4.4.0.tgz 1044ms (cache miss)
352 http fetch GET 200 https://registry.npmjs.org/dotenv/-/dotenv-16.4.7.tgz 1017ms (cache miss)
353 http fetch GET 200 https://registry.npmjs.org/abort-controller/-/abort-controller-3.0.0.tgz 1056ms (cache miss)
354 http fetch GET 200 https://registry.npmjs.org/event-target-shim/-/event-target-shim-5.0.1.tgz 1069ms (cache miss)
355 http fetch GET 200 https://registry.npmjs.org/node-fetch/-/node-fetch-2.7.0.tgz 1071ms (cache miss)
356 http fetch GET 200 https://registry.npmjs.org/telegraf/-/telegraf-4.16.3.tgz 1217ms (cache miss)
357 http fetch GET 200 https://registry.npmjs.org/axios/-/axios-1.8.3.tgz 1240ms (cache miss)
358 silly ADD node_modules/webidl-conversions
359 silly ADD node_modules/tr46
360 silly ADD node_modules/buffer-fill
361 silly ADD node_modules/buffer-alloc-unsafe
362 silly ADD node_modules/buffer-alloc
363 silly ADD node_modules/whatwg-url
364 silly ADD node_modules/ms
365 silly ADD node_modules/event-target-shim
366 silly ADD node_modules/sandwich-stream
367 silly ADD node_modules/safe-compare
368 silly ADD node_modules/p-timeout
369 silly ADD node_modules/node-fetch
370 silly ADD node_modules/mri
371 silly ADD node_modules/debug
372 silly ADD node_modules/abort-controller
373 silly ADD node_modules/@telegraf/types
374 silly ADD node_modules/mime-db
375 silly ADD node_modules/dunder-proto
376 silly ADD node_modules/math-intrinsics
377 silly ADD node_modules/has-symbols
378 silly ADD node_modules/gopd
379 silly ADD node_modules/get-proto
380 silly ADD node_modules/function-bind
381 silly ADD node_modules/es-object-atoms
382 silly ADD node_modules/es-define-property
383 silly ADD node_modules/call-bind-apply-helpers
384 silly ADD node_modules/hasown
385 silly ADD node_modules/has-tostringtag
386 silly ADD node_modules/get-intrinsic
387 silly ADD node_modules/es-errors
388 silly ADD node_modules/delayed-stream
389 silly ADD node_modules/mime-types
390 silly ADD node_modules/es-set-tostringtag
391 silly ADD node_modules/combined-stream
392 silly ADD node_modules/asynckit
393 silly ADD node_modules/proxy-from-env
394 silly ADD node_modules/form-data
395 silly ADD node_modules/follow-redirects
396 silly ADD node_modules/telegraf
397 silly ADD node_modules/dotenv
398 silly ADD node_modules/axios
399 verbose cwd /data/data/com.termux/files/home/telegram-imgur-bot
400 verbose os Linux 5.4.274-moto-00501-gab6655bf773d
401 verbose node v23.8.0
402 verbose npm  v10.9.2
403 verbose exit 0
404 info ok
